<?xml version="1.0" encoding="utf-8"?><testsuites name="pytest tests"><testsuite name="pytest" errors="0" failures="0" skipped="0" tests="23" time="4.808" timestamp="2026-06-15T14:36:47.440347+00:00" hostname="agent-env-474d92d9-a67c-4d91-bf8a-bcee0a05368f"><testcase classname="backend.tests.backend_test.TestPublic" name="test_config" time="0.186" /><testcase classname="backend.tests.backend_test.TestPublic" name="test_categories_seed" time="0.055" /><testcase classname="backend.tests.backend_test.TestPublic" name="test_products_seed" time="0.062" /><testcase classname="backend.tests.backend_test.TestPublic" name="test_product_by_id" time="0.085" /><testcase classname="backend.tests.backend_test.TestPublic" name="test_product_search_malbec" time="0.045" /><testcase classname="backend.tests.backend_test.TestPublic" name="test_product_search_case_insensitive" time="0.048" /><testcase classname="backend.tests.backend_test.TestPublic" name="test_product_filter_by_category" time="0.090" /><testcase classname="backend.tests.backend_test.TestAuth" name="test_login_admin" time="0.268" /><testcase classname="backend.tests.backend_test.TestAuth" name="test_login_wrong" time="0.280" /><testcase classname="backend.tests.backend_test.TestAuth" name="test_register_duplicate" time="0.315" /><testcase classname="backend.tests.backend_test.TestAuth" name="test_me_with_bearer" time="0.113" /><testcase classname="backend.tests.backend_test.TestAuth" name="test_me_unauthorized" time="0.142" /><testcase classname="backend.tests.backend_test.TestAdminGuards" name="test_create_category_unauth" time="0.147" /><testcase classname="backend.tests.backend_test.TestAdminGuards" name="test_create_product_unauth" time="0.139" /><testcase classname="backend.tests.backend_test.TestAdminGuards" name="test_create_category_as_customer_403" time="0.144" /><testcase classname="backend.tests.backend_test.TestAdminGuards" name="test_orders_admin_endpoint_unauth" time="0.146" /><testcase classname="backend.tests.backend_test.TestAdminCRUD" name="test_category_crud_and_product_crud_and_delete_block" time="1.175" /><testcase classname="backend.tests.backend_test.TestOrders" name="test_guest_order" time="0.152" /><testcase classname="backend.tests.backend_test.TestOrders" name="test_empty_items_400" time="0.109" /><testcase classname="backend.tests.backend_test.TestOrders" name="test_invalid_payment_422" time="0.116" /><testcase classname="backend.tests.backend_test.TestOrders" name="test_my_orders_isolation" time="0.249" /><testcase classname="backend.tests.backend_test.TestOrders" name="test_admin_orders_and_status_update" time="0.492" /><testcase classname="backend.tests.backend_test.TestAdminStats" name="test_stats" time="0.110" /></testsuite></testsuites>