<?xml version="1.0" encoding="utf-8"?><testsuites name="pytest tests"><testsuite name="pytest" errors="0" failures="0" skipped="0" tests="14" time="3.812" timestamp="2026-06-15T14:58:36.056199+00:00" hostname="agent-env-474d92d9-a67c-4d91-bf8a-bcee0a05368f"><testcase classname="backend.tests.test_delivery_areas.TestPublicDeliveryAreas" name="test_public_list_only_active_sorted" time="0.481" /><testcase classname="backend.tests.test_delivery_areas.TestAdminDeliveryAreasGuards" name="test_admin_list_unauth" time="0.112" /><testcase classname="backend.tests.test_delivery_areas.TestAdminDeliveryAreasGuards" name="test_admin_list_as_customer_403" time="0.410" /><testcase classname="backend.tests.test_delivery_areas.TestAdminDeliveryAreasGuards" name="test_admin_create_unauth" time="0.129" /><testcase classname="backend.tests.test_delivery_areas.TestAdminDeliveryAreasGuards" name="test_admin_create_as_customer_403" time="0.103" /><testcase classname="backend.tests.test_delivery_areas.TestAdminDeliveryAreasCRUD" name="test_admin_list_includes_inactive" time="0.324" /><testcase classname="backend.tests.test_delivery_areas.TestAdminDeliveryAreasCRUD" name="test_create_with_min_order_null" time="0.097" /><testcase classname="backend.tests.test_delivery_areas.TestAdminDeliveryAreasCRUD" name="test_update_area_fields" time="0.323" /><testcase classname="backend.tests.test_delivery_areas.TestAdminDeliveryAreasCRUD" name="test_delete_area" time="0.470" /><testcase classname="backend.tests.test_delivery_areas.TestOrdersWithDeliveryArea" name="test_order_with_valid_area_computes_total" time="0.198" /><testcase classname="backend.tests.test_delivery_areas.TestOrdersWithDeliveryArea" name="test_order_with_inactive_area_400" time="0.199" /><testcase classname="backend.tests.test_delivery_areas.TestOrdersWithDeliveryArea" name="test_order_with_nonexistent_area_400" time="0.098" /><testcase classname="backend.tests.test_delivery_areas.TestOrdersWithDeliveryArea" name="test_order_below_min_order_400" time="0.148" /><testcase classname="backend.tests.test_delivery_areas.TestOrdersWithDeliveryArea" name="test_order_without_area_backward_compat" time="0.584" /></testsuite></testsuites>